c:\users\hy\source\repos\memoryview\debug\vc143.pdb
c:\users\hy\source\repos\memoryview\debug\vc143.idb
c:\users\hy\source\repos\memoryview\debug\processmemorymanagment.obj
c:\users\hy\source\repos\memoryview\debug\memoryview.obj
c:\users\hy\source\repos\memoryview\debug\managewindow.obj
c:\users\hy\source\repos\memoryview\debug\windowscommandcontrols.obj
c:\users\hy\source\repos\memoryview\debug\mainwindows.obj
c:\users\hy\source\repos\memoryview\debug\memoryview.dll
c:\users\hy\source\repos\memoryview\debug\memoryview.ilk
c:\users\hy\source\repos\memoryview\debug\memoryview.pdb
c:\users\hy\source\repos\memoryview\debug\memoryview.lib
c:\users\hy\source\repos\memoryview\debug\memoryview.exp
c:\users\hy\source\repos\memoryview\debug\contentwindows.obj
c:\users\hy\source\repos\memoryview\debug\memoryview.tlog\cl.command.1.tlog
c:\users\hy\source\repos\memoryview\debug\memoryview.tlog\cl.read.1.tlog
c:\users\hy\source\repos\memoryview\debug\memoryview.tlog\cl.write.1.tlog
c:\users\hy\source\repos\memoryview\debug\memoryview.tlog\link.command.1.tlog
c:\users\hy\source\repos\memoryview\debug\memoryview.tlog\link.read.1.tlog
c:\users\hy\source\repos\memoryview\debug\memoryview.tlog\link.write.1.tlog
c:\users\hy\source\repos\memoryview\debug\memoryview.tlog\memoryview.write.1u.tlog
